<?xml version="1.0" encoding="UTF-8"?>
<<<<<<< HEAD
<testsuite xmlns:xsi="http://www.w3.org/2001/XMLSchema-instance" xsi:noNamespaceSchemaLocation="https://maven.apache.org/surefire/maven-surefire-plugin/xsd/surefire-test-report.xsd" name="Importtest.PatternTest" time="0.006" tests="0" errors="0" skipped="0" failures="0">
=======
<testsuite xmlns:xsi="http://www.w3.org/2001/XMLSchema-instance" xsi:noNamespaceSchemaLocation="https://maven.apache.org/surefire/maven-surefire-plugin/xsd/surefire-test-report.xsd" name="Importtest.PatternTest" time="0" tests="0" errors="0" skipped="0" failures="0">
>>>>>>> 69a764c8505cd1c5ff7645c419b496bb2d3c5d33
  <properties>
    <property name="sun.desktop" value="windows"/>
    <property name="awt.toolkit" value="sun.awt.windows.WToolkit"/>
    <property name="file.encoding.pkg" value="sun.io"/>
    <property name="java.specification.version" value="1.8"/>
    <property name="sun.cpu.isalist" value="amd64"/>
    <property name="sun.jnu.encoding" value="GBK"/>
    <property name="java.class.path" value="E:\w8x-dev\core\target\test-classes;E:\w8x-dev\core\target\classes;C:\Users\Administrator\.m2\repository\org\eclipse\jdt\org.eclipse.jdt.core\3.17.0\org.eclipse.jdt.core-3.17.0.jar;C:\Users\Administrator\.m2\repository\org\eclipse\platform\org.eclipse.core.resources\3.13.300\org.eclipse.core.resources-3.13.300.jar;C:\Users\Administrator\.m2\repository\org\eclipse\platform\org.eclipse.core.expressions\3.6.300\org.eclipse.core.expressions-3.6.300.jar;C:\Users\Administrator\.m2\repository\org\eclipse\platform\org.eclipse.core.runtime\3.15.200\org.eclipse.core.runtime-3.15.200.jar;C:\Users\Administrator\.m2\repository\org\eclipse\platform\org.eclipse.osgi\3.13.300\org.eclipse.osgi-3.13.300.jar;C:\Users\Administrator\.m2\repository\org\eclipse\platform\org.eclipse.equinox.common\3.10.300\org.eclipse.equinox.common-3.10.300.jar;C:\Users\Administrator\.m2\repository\org\eclipse\platform\org.eclipse.core.jobs\3.10.300\org.eclipse.core.jobs-3.10.300.jar;C:\Users\Administrator\.m2\repository\org\eclipse\platform\org.eclipse.equinox.registry\3.8.300\org.eclipse.equinox.registry-3.8.300.jar;C:\Users\Administrator\.m2\repository\org\eclipse\platform\org.eclipse.equinox.preferences\3.7.300\org.eclipse.equinox.preferences-3.7.300.jar;C:\Users\Administrator\.m2\repository\org\eclipse\platform\org.eclipse.core.contenttype\3.7.300\org.eclipse.core.contenttype-3.7.300.jar;C:\Users\Administrator\.m2\repository\org\eclipse\platform\org.eclipse.equinox.app\1.4.100\org.eclipse.equinox.app-1.4.100.jar;C:\Users\Administrator\.m2\repository\org\eclipse\platform\org.eclipse.core.filesystem\1.7.300\org.eclipse.core.filesystem-1.7.300.jar;C:\Users\Administrator\.m2\repository\org\eclipse\platform\org.eclipse.text\3.8.100\org.eclipse.text-3.8.100.jar;C:\Users\Administrator\.m2\repository\org\eclipse\platform\org.eclipse.core.commands\3.9.300\org.eclipse.core.commands-3.9.300.jar;C:\Users\Administrator\.m2\repository\org\apache\httpcomponents\httpclient\4.5.8\httpclient-4.5.8.jar;C:\Users\Administrator\.m2\repository\org\apache\httpcomponents\httpcore\4.4.11\httpcore-4.4.11.jar;C:\Users\Administrator\.m2\repository\commons-codec\commons-codec\1.11\commons-codec-1.11.jar;C:\Users\Administrator\.m2\repository\org\dom4j\dom4j\2.1.1\dom4j-2.1.1.jar;C:\Users\Administrator\.m2\repository\mysql\mysql-connector-java\5.1.45\mysql-connector-java-5.1.45.jar;E:\w8x-dev\common\target\common-1.0-SNAPSHOT.jar;C:\Users\Administrator\.m2\repository\com\github\javaparser\javaparser-symbol-solver-core\3.14.1\javaparser-symbol-solver-core-3.14.1.jar;C:\Users\Administrator\.m2\repository\com\github\javaparser\javaparser-symbol-solver-logic\3.14.1\javaparser-symbol-solver-logic-3.14.1.jar;C:\Users\Administrator\.m2\repository\org\javassist\javassist\3.24.0-GA\javassist-3.24.0-GA.jar;C:\Users\Administrator\.m2\repository\com\github\javaparser\javaparser-symbol-solver-model\3.14.1\javaparser-symbol-solver-model-3.14.1.jar;C:\Users\Administrator\.m2\repository\com\github\javaparser\javaparser-core\3.14.1\javaparser-core-3.14.1.jar;C:\Users\Administrator\.m2\repository\com\google\guava\guava\27.0-jre\guava-27.0-jre.jar;C:\Users\Administrator\.m2\repository\com\google\guava\failureaccess\1.0\failureaccess-1.0.jar;C:\Users\Administrator\.m2\repository\com\google\guava\listenablefuture\9999.0-empty-to-avoid-conflict-with-guava\listenablefuture-9999.0-empty-to-avoid-conflict-with-guava.jar;C:\Users\Administrator\.m2\repository\com\google\code\findbugs\jsr305\3.0.2\jsr305-3.0.2.jar;C:\Users\Administrator\.m2\repository\org\checkerframework\checker-qual\2.5.2\checker-qual-2.5.2.jar;C:\Users\Administrator\.m2\repository\com\google\errorprone\error_prone_annotations\2.2.0\error_prone_annotations-2.2.0.jar;C:\Users\Administrator\.m2\repository\com\google\j2objc\j2objc-annotations\1.1\j2objc-annotations-1.1.jar;C:\Users\Administrator\.m2\repository\org\codehaus\mojo\animal-sniffer-annotations\1.17\animal-sniffer-annotations-1.17.jar;C:\Users\Administrator\.m2\repository\org\projectlombok\lombok\1.18.6\lombok-1.18.6.jar;C:\Users\Administrator\.m2\repository\com\alibaba\fastjson\1.2.58\fastjson-1.2.58.jar;"/>
    <property name="java.vm.vendor" value="Oracle Corporation"/>
    <property name="sun.arch.data.model" value="64"/>
    <property name="user.variant" value=""/>
    <property name="java.vendor.url" value="http://java.oracle.com/"/>
    <property name="user.timezone" value="Asia/Shanghai"/>
    <property name="java.vm.specification.version" value="1.8"/>
    <property name="os.name" value="Windows 7"/>
    <property name="user.country" value="CN"/>
    <property name="sun.java.launcher" value="SUN_STANDARD"/>
<<<<<<< HEAD
    <property name="sun.boot.library.path" value="C:\jdk\java-1.8.0-openjdk-1.8.0.201-2.b09.redhat.windows.x86_64\jre\bin"/>
    <property name="sun.java.command" value="C:\Users\ADMINI~1\AppData\Local\Temp\surefire7831585875837873302\surefirebooter4885646520855313992.jar C:\Users\Administrator\AppData\Local\Temp\surefire7831585875837873302 2019-06-14T20-00-36_382-jvmRun1 surefire8720956190817408578tmp surefire_06567335566231491563tmp"/>
    <property name="surefire.test.class.path" value="D:\gitProject\W8X\core\target\test-classes;D:\gitProject\W8X\core\target\classes;C:\Users\Administrator\.m2\repository\org\eclipse\jdt\org.eclipse.jdt.core\3.17.0\org.eclipse.jdt.core-3.17.0.jar;C:\Users\Administrator\.m2\repository\org\eclipse\platform\org.eclipse.core.resources\3.13.300\org.eclipse.core.resources-3.13.300.jar;C:\Users\Administrator\.m2\repository\org\eclipse\platform\org.eclipse.core.expressions\3.6.300\org.eclipse.core.expressions-3.6.300.jar;C:\Users\Administrator\.m2\repository\org\eclipse\platform\org.eclipse.core.runtime\3.15.200\org.eclipse.core.runtime-3.15.200.jar;C:\Users\Administrator\.m2\repository\org\eclipse\platform\org.eclipse.osgi\3.13.300\org.eclipse.osgi-3.13.300.jar;C:\Users\Administrator\.m2\repository\org\eclipse\platform\org.eclipse.equinox.common\3.10.300\org.eclipse.equinox.common-3.10.300.jar;C:\Users\Administrator\.m2\repository\org\eclipse\platform\org.eclipse.core.jobs\3.10.300\org.eclipse.core.jobs-3.10.300.jar;C:\Users\Administrator\.m2\repository\org\eclipse\platform\org.eclipse.equinox.registry\3.8.300\org.eclipse.equinox.registry-3.8.300.jar;C:\Users\Administrator\.m2\repository\org\eclipse\platform\org.eclipse.equinox.preferences\3.7.300\org.eclipse.equinox.preferences-3.7.300.jar;C:\Users\Administrator\.m2\repository\org\eclipse\platform\org.eclipse.core.contenttype\3.7.300\org.eclipse.core.contenttype-3.7.300.jar;C:\Users\Administrator\.m2\repository\org\eclipse\platform\org.eclipse.equinox.app\1.4.100\org.eclipse.equinox.app-1.4.100.jar;C:\Users\Administrator\.m2\repository\org\eclipse\platform\org.eclipse.core.filesystem\1.7.300\org.eclipse.core.filesystem-1.7.300.jar;C:\Users\Administrator\.m2\repository\org\eclipse\platform\org.eclipse.text\3.8.100\org.eclipse.text-3.8.100.jar;C:\Users\Administrator\.m2\repository\org\eclipse\platform\org.eclipse.core.commands\3.9.300\org.eclipse.core.commands-3.9.300.jar;C:\Users\Administrator\.m2\repository\org\apache\httpcomponents\httpclient\4.5.8\httpclient-4.5.8.jar;C:\Users\Administrator\.m2\repository\org\apache\httpcomponents\httpcore\4.4.11\httpcore-4.4.11.jar;C:\Users\Administrator\.m2\repository\commons-codec\commons-codec\1.11\commons-codec-1.11.jar;C:\Users\Administrator\.m2\repository\org\dom4j\dom4j\2.1.1\dom4j-2.1.1.jar;C:\Users\Administrator\.m2\repository\mysql\mysql-connector-java\5.1.45\mysql-connector-java-5.1.45.jar;D:\gitProject\W8X\common\target\common-1.0-SNAPSHOT.jar;C:\Users\Administrator\.m2\repository\com\github\javaparser\javaparser-symbol-solver-core\3.14.1\javaparser-symbol-solver-core-3.14.1.jar;C:\Users\Administrator\.m2\repository\com\github\javaparser\javaparser-symbol-solver-logic\3.14.1\javaparser-symbol-solver-logic-3.14.1.jar;C:\Users\Administrator\.m2\repository\org\javassist\javassist\3.24.0-GA\javassist-3.24.0-GA.jar;C:\Users\Administrator\.m2\repository\com\github\javaparser\javaparser-symbol-solver-model\3.14.1\javaparser-symbol-solver-model-3.14.1.jar;C:\Users\Administrator\.m2\repository\com\github\javaparser\javaparser-core\3.14.1\javaparser-core-3.14.1.jar;C:\Users\Administrator\.m2\repository\com\google\guava\guava\27.0-jre\guava-27.0-jre.jar;C:\Users\Administrator\.m2\repository\com\google\guava\failureaccess\1.0\failureaccess-1.0.jar;C:\Users\Administrator\.m2\repository\com\google\guava\listenablefuture\9999.0-empty-to-avoid-conflict-with-guava\listenablefuture-9999.0-empty-to-avoid-conflict-with-guava.jar;C:\Users\Administrator\.m2\repository\com\google\code\findbugs\jsr305\3.0.2\jsr305-3.0.2.jar;C:\Users\Administrator\.m2\repository\org\checkerframework\checker-qual\2.5.2\checker-qual-2.5.2.jar;C:\Users\Administrator\.m2\repository\com\google\errorprone\error_prone_annotations\2.2.0\error_prone_annotations-2.2.0.jar;C:\Users\Administrator\.m2\repository\com\google\j2objc\j2objc-annotations\1.1\j2objc-annotations-1.1.jar;C:\Users\Administrator\.m2\repository\org\codehaus\mojo\animal-sniffer-annotations\1.17\animal-sniffer-annotations-1.17.jar;C:\Users\Administrator\.m2\repository\org\projectlombok\lombok\1.18.6\lombok-1.18.6.jar;C:\Users\Administrator\.m2\repository\com\alibaba\fastjson\1.2.58\fastjson-1.2.58.jar;"/>
=======
    <property name="sun.boot.library.path" value="C:\Program Files\Java\jdk1.8.0_191\jre\bin"/>
    <property name="sun.java.command" value="C:\Users\ADMINI~1\AppData\Local\Temp\surefire1852554234756135373\surefirebooter4310933117192733022.jar C:\Users\Administrator\AppData\Local\Temp\surefire1852554234756135373 2019-06-14T10-20-30_432-jvmRun1 surefire6819452221253713114tmp surefire_07358841878498750147tmp"/>
    <property name="surefire.test.class.path" value="E:\w8x-dev\core\target\test-classes;E:\w8x-dev\core\target\classes;C:\Users\Administrator\.m2\repository\org\eclipse\jdt\org.eclipse.jdt.core\3.17.0\org.eclipse.jdt.core-3.17.0.jar;C:\Users\Administrator\.m2\repository\org\eclipse\platform\org.eclipse.core.resources\3.13.300\org.eclipse.core.resources-3.13.300.jar;C:\Users\Administrator\.m2\repository\org\eclipse\platform\org.eclipse.core.expressions\3.6.300\org.eclipse.core.expressions-3.6.300.jar;C:\Users\Administrator\.m2\repository\org\eclipse\platform\org.eclipse.core.runtime\3.15.200\org.eclipse.core.runtime-3.15.200.jar;C:\Users\Administrator\.m2\repository\org\eclipse\platform\org.eclipse.osgi\3.13.300\org.eclipse.osgi-3.13.300.jar;C:\Users\Administrator\.m2\repository\org\eclipse\platform\org.eclipse.equinox.common\3.10.300\org.eclipse.equinox.common-3.10.300.jar;C:\Users\Administrator\.m2\repository\org\eclipse\platform\org.eclipse.core.jobs\3.10.300\org.eclipse.core.jobs-3.10.300.jar;C:\Users\Administrator\.m2\repository\org\eclipse\platform\org.eclipse.equinox.registry\3.8.300\org.eclipse.equinox.registry-3.8.300.jar;C:\Users\Administrator\.m2\repository\org\eclipse\platform\org.eclipse.equinox.preferences\3.7.300\org.eclipse.equinox.preferences-3.7.300.jar;C:\Users\Administrator\.m2\repository\org\eclipse\platform\org.eclipse.core.contenttype\3.7.300\org.eclipse.core.contenttype-3.7.300.jar;C:\Users\Administrator\.m2\repository\org\eclipse\platform\org.eclipse.equinox.app\1.4.100\org.eclipse.equinox.app-1.4.100.jar;C:\Users\Administrator\.m2\repository\org\eclipse\platform\org.eclipse.core.filesystem\1.7.300\org.eclipse.core.filesystem-1.7.300.jar;C:\Users\Administrator\.m2\repository\org\eclipse\platform\org.eclipse.text\3.8.100\org.eclipse.text-3.8.100.jar;C:\Users\Administrator\.m2\repository\org\eclipse\platform\org.eclipse.core.commands\3.9.300\org.eclipse.core.commands-3.9.300.jar;C:\Users\Administrator\.m2\repository\org\apache\httpcomponents\httpclient\4.5.8\httpclient-4.5.8.jar;C:\Users\Administrator\.m2\repository\org\apache\httpcomponents\httpcore\4.4.11\httpcore-4.4.11.jar;C:\Users\Administrator\.m2\repository\commons-codec\commons-codec\1.11\commons-codec-1.11.jar;C:\Users\Administrator\.m2\repository\org\dom4j\dom4j\2.1.1\dom4j-2.1.1.jar;C:\Users\Administrator\.m2\repository\mysql\mysql-connector-java\5.1.45\mysql-connector-java-5.1.45.jar;E:\w8x-dev\common\target\common-1.0-SNAPSHOT.jar;C:\Users\Administrator\.m2\repository\com\github\javaparser\javaparser-symbol-solver-core\3.14.1\javaparser-symbol-solver-core-3.14.1.jar;C:\Users\Administrator\.m2\repository\com\github\javaparser\javaparser-symbol-solver-logic\3.14.1\javaparser-symbol-solver-logic-3.14.1.jar;C:\Users\Administrator\.m2\repository\org\javassist\javassist\3.24.0-GA\javassist-3.24.0-GA.jar;C:\Users\Administrator\.m2\repository\com\github\javaparser\javaparser-symbol-solver-model\3.14.1\javaparser-symbol-solver-model-3.14.1.jar;C:\Users\Administrator\.m2\repository\com\github\javaparser\javaparser-core\3.14.1\javaparser-core-3.14.1.jar;C:\Users\Administrator\.m2\repository\com\google\guava\guava\27.0-jre\guava-27.0-jre.jar;C:\Users\Administrator\.m2\repository\com\google\guava\failureaccess\1.0\failureaccess-1.0.jar;C:\Users\Administrator\.m2\repository\com\google\guava\listenablefuture\9999.0-empty-to-avoid-conflict-with-guava\listenablefuture-9999.0-empty-to-avoid-conflict-with-guava.jar;C:\Users\Administrator\.m2\repository\com\google\code\findbugs\jsr305\3.0.2\jsr305-3.0.2.jar;C:\Users\Administrator\.m2\repository\org\checkerframework\checker-qual\2.5.2\checker-qual-2.5.2.jar;C:\Users\Administrator\.m2\repository\com\google\errorprone\error_prone_annotations\2.2.0\error_prone_annotations-2.2.0.jar;C:\Users\Administrator\.m2\repository\com\google\j2objc\j2objc-annotations\1.1\j2objc-annotations-1.1.jar;C:\Users\Administrator\.m2\repository\org\codehaus\mojo\animal-sniffer-annotations\1.17\animal-sniffer-annotations-1.17.jar;C:\Users\Administrator\.m2\repository\org\projectlombok\lombok\1.18.6\lombok-1.18.6.jar;C:\Users\Administrator\.m2\repository\com\alibaba\fastjson\1.2.58\fastjson-1.2.58.jar;"/>
>>>>>>> 69a764c8505cd1c5ff7645c419b496bb2d3c5d33
    <property name="sun.cpu.endian" value="little"/>
    <property name="user.home" value="C:\Users\Administrator"/>
    <property name="user.language" value="zh"/>
    <property name="java.specification.vendor" value="Oracle Corporation"/>
    <property name="java.home" value="C:\Program Files\Java\jdk1.8.0_191\jre"/>
    <property name="basedir" value="E:\w8x-dev\core"/>
    <property name="file.separator" value="\"/>
    <property name="line.separator" value="&#10;"/>
    <property name="java.vm.specification.vendor" value="Oracle Corporation"/>
    <property name="java.specification.name" value="Java Platform API Specification"/>
    <property name="java.awt.graphicsenv" value="sun.awt.Win32GraphicsEnvironment"/>
<<<<<<< HEAD
    <property name="surefire.real.class.path" value="C:\Users\ADMINI~1\AppData\Local\Temp\surefire7831585875837873302\surefirebooter4885646520855313992.jar"/>
    <property name="sun.boot.class.path" value="C:\jdk\java-1.8.0-openjdk-1.8.0.201-2.b09.redhat.windows.x86_64\jre\lib\resources.jar;C:\jdk\java-1.8.0-openjdk-1.8.0.201-2.b09.redhat.windows.x86_64\jre\lib\rt.jar;C:\jdk\java-1.8.0-openjdk-1.8.0.201-2.b09.redhat.windows.x86_64\jre\lib\sunrsasign.jar;C:\jdk\java-1.8.0-openjdk-1.8.0.201-2.b09.redhat.windows.x86_64\jre\lib\jsse.jar;C:\jdk\java-1.8.0-openjdk-1.8.0.201-2.b09.redhat.windows.x86_64\jre\lib\jce.jar;C:\jdk\java-1.8.0-openjdk-1.8.0.201-2.b09.redhat.windows.x86_64\jre\lib\charsets.jar;C:\jdk\java-1.8.0-openjdk-1.8.0.201-2.b09.redhat.windows.x86_64\jre\lib\jfr.jar;C:\jdk\java-1.8.0-openjdk-1.8.0.201-2.b09.redhat.windows.x86_64\jre\classes"/>
=======
    <property name="surefire.real.class.path" value="C:\Users\ADMINI~1\AppData\Local\Temp\surefire1852554234756135373\surefirebooter4310933117192733022.jar"/>
    <property name="sun.boot.class.path" value="C:\Program Files\Java\jdk1.8.0_191\jre\lib\resources.jar;C:\Program Files\Java\jdk1.8.0_191\jre\lib\rt.jar;C:\Program Files\Java\jdk1.8.0_191\jre\lib\sunrsasign.jar;C:\Program Files\Java\jdk1.8.0_191\jre\lib\jsse.jar;C:\Program Files\Java\jdk1.8.0_191\jre\lib\jce.jar;C:\Program Files\Java\jdk1.8.0_191\jre\lib\charsets.jar;C:\Program Files\Java\jdk1.8.0_191\jre\lib\jfr.jar;C:\Program Files\Java\jdk1.8.0_191\jre\classes"/>
>>>>>>> 69a764c8505cd1c5ff7645c419b496bb2d3c5d33
    <property name="user.script" value=""/>
    <property name="sun.management.compiler" value="HotSpot 64-Bit Tiered Compilers"/>
    <property name="java.runtime.version" value="1.8.0_191-b12"/>
    <property name="user.name" value="Administrator"/>
    <property name="path.separator" value=";"/>
    <property name="os.version" value="6.1"/>
    <property name="java.endorsed.dirs" value="C:\Program Files\Java\jdk1.8.0_191\jre\lib\endorsed"/>
    <property name="java.runtime.name" value="Java(TM) SE Runtime Environment"/>
    <property name="file.encoding" value="GBK"/>
    <property name="java.vm.name" value="Java HotSpot(TM) 64-Bit Server VM"/>
    <property name="localRepository" value="C:\Users\Administrator\.m2\repository"/>
    <property name="java.vendor.url.bug" value="http://bugreport.sun.com/bugreport/"/>
    <property name="java.io.tmpdir" value="C:\Users\ADMINI~1\AppData\Local\Temp\"/>
    <property name="idea.version" value="2018.3.5"/>
    <property name="java.version" value="1.8.0_191"/>
    <property name="user.dir" value="E:\w8x-dev\core"/>
    <property name="os.arch" value="amd64"/>
    <property name="java.vm.specification.name" value="Java Virtual Machine Specification"/>
    <property name="java.awt.printerjob" value="sun.awt.windows.WPrinterJob"/>
    <property name="sun.os.patch.level" value="Service Pack 1"/>
    <property name="java.library.path" value="C:\Program Files\Java\jdk1.8.0_191\jre\bin;C:\windows\Sun\Java\bin;C:\windows\system32;C:\windows;C:\Program Files\Common Files\Microsoft Shared\Windows Live;C:\ProgramData\Anaconda3;C:\ProgramData\Anaconda3\Library\mingw-w64\bin;C:\ProgramData\Anaconda3\Library\usr\bin;C:\ProgramData\Anaconda3\Library\bin;C:\ProgramData\Anaconda3\Scripts;C:\Program Files (x86)\NetSarang\Xshell 6\;C:\Program Files (x86)\Common Files\Oracle\Java\javapath;C:\windows\system32;C:\windows;C:\windows\System32\Wbem;C:\windows\System32\WindowsPowerShell\v1.0\;C:\Users\Administrator\AppData\Local\Android\Sdk\platform-tools;;H:\gradle-5.2.1\bin;C:\Program Files (x86)\Common Files\Thunder Network\KanKan\Codecs;C:\Program Files\nodejs\;C:\Program Files\Git\cmd;C:\Program Files (x86)\scala\bin;C:\Program Files\Common Files\Microsoft Shared\Windows Live;C:\Users\Administrator\AppData\Local\Programs\Python\Python36-32\Scripts\;C:\Users\Administrator\AppData\Local\Programs\Python\Python36-32\;H:\gradle-5.2.1\bin;C:\Users\Administrator\AppData\Roaming\npm;H:\spark\bin;H:\hadoop\bin;H:\hadoop\sbin;H:\maven\apache-maven-3.5.4\bin;;."/>
    <property name="java.vm.info" value="mixed mode"/>
    <property name="java.vendor" value="Oracle Corporation"/>
    <property name="java.vm.version" value="25.191-b12"/>
    <property name="java.ext.dirs" value="C:\Program Files\Java\jdk1.8.0_191\jre\lib\ext;C:\windows\Sun\Java\lib\ext"/>
    <property name="sun.io.unicode.encoding" value="UnicodeLittle"/>
    <property name="java.class.version" value="52.0"/>
  </properties>
</testsuite>