<?xml version="1.0" encoding="UTF-8"?>
<testsuite xmlns:xsi="http://www.w3.org/2001/XMLSchema-instance" xsi:noNamespaceSchemaLocation="https://maven.apache.org/surefire/maven-surefire-plugin/xsd/surefire-test-report.xsd" name="TestFile" time="0.003" tests="0" errors="0" skipped="0" failures="0">
  <properties>
    <property name="sun.desktop" value="windows"/>
    <property name="awt.toolkit" value="sun.awt.windows.WToolkit"/>
    <property name="file.encoding.pkg" value="sun.io"/>
    <property name="java.specification.version" value="1.8"/>
    <property name="sun.cpu.isalist" value="amd64"/>
    <property name="sun.jnu.encoding" value="GBK"/>
    <property name="java.class.path" value="D:\gitProject\W8X\core\target\test-classes;D:\gitProject\W8X\core\target\classes;C:\Users\Administrator\.m2\repository\org\eclipse\jdt\org.eclipse.jdt.core\3.17.0\org.eclipse.jdt.core-3.17.0.jar;C:\Users\Administrator\.m2\repository\org\eclipse\platform\org.eclipse.core.resources\3.13.300\org.eclipse.core.resources-3.13.300.jar;C:\Users\Administrator\.m2\repository\org\eclipse\platform\org.eclipse.core.expressions\3.6.300\org.eclipse.core.expressions-3.6.300.jar;C:\Users\Administrator\.m2\repository\org\eclipse\platform\org.eclipse.core.runtime\3.15.200\org.eclipse.core.runtime-3.15.200.jar;C:\Users\Administrator\.m2\repository\org\eclipse\platform\org.eclipse.osgi\3.13.300\org.eclipse.osgi-3.13.300.jar;C:\Users\Administrator\.m2\repository\org\eclipse\platform\org.eclipse.equinox.common\3.10.300\org.eclipse.equinox.common-3.10.300.jar;C:\Users\Administrator\.m2\repository\org\eclipse\platform\org.eclipse.core.jobs\3.10.300\org.eclipse.core.jobs-3.10.300.jar;C:\Users\Administrator\.m2\repository\org\eclipse\platform\org.eclipse.equinox.registry\3.8.300\org.eclipse.equinox.registry-3.8.300.jar;C:\Users\Administrator\.m2\repository\org\eclipse\platform\org.eclipse.equinox.preferences\3.7.300\org.eclipse.equinox.preferences-3.7.300.jar;C:\Users\Administrator\.m2\repository\org\eclipse\platform\org.eclipse.core.contenttype\3.7.300\org.eclipse.core.contenttype-3.7.300.jar;C:\Users\Administrator\.m2\repository\org\eclipse\platform\org.eclipse.equinox.app\1.4.100\org.eclipse.equinox.app-1.4.100.jar;C:\Users\Administrator\.m2\repository\org\eclipse\platform\org.eclipse.core.filesystem\1.7.300\org.eclipse.core.filesystem-1.7.300.jar;C:\Users\Administrator\.m2\repository\org\eclipse\platform\org.eclipse.text\3.8.100\org.eclipse.text-3.8.100.jar;C:\Users\Administrator\.m2\repository\org\eclipse\platform\org.eclipse.core.commands\3.9.300\org.eclipse.core.commands-3.9.300.jar;C:\Users\Administrator\.m2\repository\org\apache\httpcomponents\httpclient\4.5.8\httpclient-4.5.8.jar;C:\Users\Administrator\.m2\repository\org\apache\httpcomponents\httpcore\4.4.11\httpcore-4.4.11.jar;C:\Users\Administrator\.m2\repository\commons-codec\commons-codec\1.11\commons-codec-1.11.jar;C:\Users\Administrator\.m2\repository\org\dom4j\dom4j\2.1.1\dom4j-2.1.1.jar;C:\Users\Administrator\.m2\repository\mysql\mysql-connector-java\5.1.45\mysql-connector-java-5.1.45.jar;D:\gitProject\W8X\common\target\common-1.0-SNAPSHOT.jar;C:\Users\Administrator\.m2\repository\com\github\javaparser\javaparser-symbol-solver-core\3.14.1\javaparser-symbol-solver-core-3.14.1.jar;C:\Users\Administrator\.m2\repository\com\github\javaparser\javaparser-symbol-solver-logic\3.14.1\javaparser-symbol-solver-logic-3.14.1.jar;C:\Users\Administrator\.m2\repository\org\javassist\javassist\3.24.0-GA\javassist-3.24.0-GA.jar;C:\Users\Administrator\.m2\repository\com\github\javaparser\javaparser-symbol-solver-model\3.14.1\javaparser-symbol-solver-model-3.14.1.jar;C:\Users\Administrator\.m2\repository\com\github\javaparser\javaparser-core\3.14.1\javaparser-core-3.14.1.jar;C:\Users\Administrator\.m2\repository\com\google\guava\guava\27.0-jre\guava-27.0-jre.jar;C:\Users\Administrator\.m2\repository\com\google\guava\failureaccess\1.0\failureaccess-1.0.jar;C:\Users\Administrator\.m2\repository\com\google\guava\listenablefuture\9999.0-empty-to-avoid-conflict-with-guava\listenablefuture-9999.0-empty-to-avoid-conflict-with-guava.jar;C:\Users\Administrator\.m2\repository\com\google\code\findbugs\jsr305\3.0.2\jsr305-3.0.2.jar;C:\Users\Administrator\.m2\repository\org\checkerframework\checker-qual\2.5.2\checker-qual-2.5.2.jar;C:\Users\Administrator\.m2\repository\com\google\errorprone\error_prone_annotations\2.2.0\error_prone_annotations-2.2.0.jar;C:\Users\Administrator\.m2\repository\com\google\j2objc\j2objc-annotations\1.1\j2objc-annotations-1.1.jar;C:\Users\Administrator\.m2\repository\org\codehaus\mojo\animal-sniffer-annotations\1.17\animal-sniffer-annotations-1.17.jar;C:\Users\Administrator\.m2\repository\org\projectlombok\lombok\1.18.6\lombok-1.18.6.jar;C:\Users\Administrator\.m2\repository\com\alibaba\fastjson\1.2.58\fastjson-1.2.58.jar;"/>
    <property name="java.vm.vendor" value="Oracle Corporation"/>
    <property name="sun.arch.data.model" value="64"/>
    <property name="user.variant" value=""/>
    <property name="java.vendor.url" value="http://java.oracle.com/"/>
    <property name="user.timezone" value="Asia/Shanghai"/>
    <property name="java.vm.specification.version" value="1.8"/>
    <property name="os.name" value="Windows 7"/>
    <property name="user.country" value="CN"/>
    <property name="sun.java.launcher" value="SUN_STANDARD"/>
    <property name="sun.boot.library.path" value="C:\jdk\java-1.8.0-openjdk-1.8.0.201-2.b09.redhat.windows.x86_64\jre\bin"/>
    <property name="sun.java.command" value="C:\Users\ADMINI~1\AppData\Local\Temp\surefire9111400015463350340\surefirebooter114436310580243064.jar C:\Users\Administrator\AppData\Local\Temp\surefire9111400015463350340 2019-05-29T23-21-05_177-jvmRun1 surefire6417299019155110282tmp surefire_01537450751639161701tmp"/>
    <property name="surefire.test.class.path" value="D:\gitProject\W8X\core\target\test-classes;D:\gitProject\W8X\core\target\classes;C:\Users\Administrator\.m2\repository\org\eclipse\jdt\org.eclipse.jdt.core\3.17.0\org.eclipse.jdt.core-3.17.0.jar;C:\Users\Administrator\.m2\repository\org\eclipse\platform\org.eclipse.core.resources\3.13.300\org.eclipse.core.resources-3.13.300.jar;C:\Users\Administrator\.m2\repository\org\eclipse\platform\org.eclipse.core.expressions\3.6.300\org.eclipse.core.expressions-3.6.300.jar;C:\Users\Administrator\.m2\repository\org\eclipse\platform\org.eclipse.core.runtime\3.15.200\org.eclipse.core.runtime-3.15.200.jar;C:\Users\Administrator\.m2\repository\org\eclipse\platform\org.eclipse.osgi\3.13.300\org.eclipse.osgi-3.13.300.jar;C:\Users\Administrator\.m2\repository\org\eclipse\platform\org.eclipse.equinox.common\3.10.300\org.eclipse.equinox.common-3.10.300.jar;C:\Users\Administrator\.m2\repository\org\eclipse\platform\org.eclipse.core.jobs\3.10.300\org.eclipse.core.jobs-3.10.300.jar;C:\Users\Administrator\.m2\repository\org\eclipse\platform\org.eclipse.equinox.registry\3.8.300\org.eclipse.equinox.registry-3.8.300.jar;C:\Users\Administrator\.m2\repository\org\eclipse\platform\org.eclipse.equinox.preferences\3.7.300\org.eclipse.equinox.preferences-3.7.300.jar;C:\Users\Administrator\.m2\repository\org\eclipse\platform\org.eclipse.core.contenttype\3.7.300\org.eclipse.core.contenttype-3.7.300.jar;C:\Users\Administrator\.m2\repository\org\eclipse\platform\org.eclipse.equinox.app\1.4.100\org.eclipse.equinox.app-1.4.100.jar;C:\Users\Administrator\.m2\repository\org\eclipse\platform\org.eclipse.core.filesystem\1.7.300\org.eclipse.core.filesystem-1.7.300.jar;C:\Users\Administrator\.m2\repository\org\eclipse\platform\org.eclipse.text\3.8.100\org.eclipse.text-3.8.100.jar;C:\Users\Administrator\.m2\repository\org\eclipse\platform\org.eclipse.core.commands\3.9.300\org.eclipse.core.commands-3.9.300.jar;C:\Users\Administrator\.m2\repository\org\apache\httpcomponents\httpclient\4.5.8\httpclient-4.5.8.jar;C:\Users\Administrator\.m2\repository\org\apache\httpcomponents\httpcore\4.4.11\httpcore-4.4.11.jar;C:\Users\Administrator\.m2\repository\commons-codec\commons-codec\1.11\commons-codec-1.11.jar;C:\Users\Administrator\.m2\repository\org\dom4j\dom4j\2.1.1\dom4j-2.1.1.jar;C:\Users\Administrator\.m2\repository\mysql\mysql-connector-java\5.1.45\mysql-connector-java-5.1.45.jar;D:\gitProject\W8X\common\target\common-1.0-SNAPSHOT.jar;C:\Users\Administrator\.m2\repository\com\github\javaparser\javaparser-symbol-solver-core\3.14.1\javaparser-symbol-solver-core-3.14.1.jar;C:\Users\Administrator\.m2\repository\com\github\javaparser\javaparser-symbol-solver-logic\3.14.1\javaparser-symbol-solver-logic-3.14.1.jar;C:\Users\Administrator\.m2\repository\org\javassist\javassist\3.24.0-GA\javassist-3.24.0-GA.jar;C:\Users\Administrator\.m2\repository\com\github\javaparser\javaparser-symbol-solver-model\3.14.1\javaparser-symbol-solver-model-3.14.1.jar;C:\Users\Administrator\.m2\repository\com\github\javaparser\javaparser-core\3.14.1\javaparser-core-3.14.1.jar;C:\Users\Administrator\.m2\repository\com\google\guava\guava\27.0-jre\guava-27.0-jre.jar;C:\Users\Administrator\.m2\repository\com\google\guava\failureaccess\1.0\failureaccess-1.0.jar;C:\Users\Administrator\.m2\repository\com\google\guava\listenablefuture\9999.0-empty-to-avoid-conflict-with-guava\listenablefuture-9999.0-empty-to-avoid-conflict-with-guava.jar;C:\Users\Administrator\.m2\repository\com\google\code\findbugs\jsr305\3.0.2\jsr305-3.0.2.jar;C:\Users\Administrator\.m2\repository\org\checkerframework\checker-qual\2.5.2\checker-qual-2.5.2.jar;C:\Users\Administrator\.m2\repository\com\google\errorprone\error_prone_annotations\2.2.0\error_prone_annotations-2.2.0.jar;C:\Users\Administrator\.m2\repository\com\google\j2objc\j2objc-annotations\1.1\j2objc-annotations-1.1.jar;C:\Users\Administrator\.m2\repository\org\codehaus\mojo\animal-sniffer-annotations\1.17\animal-sniffer-annotations-1.17.jar;C:\Users\Administrator\.m2\repository\org\projectlombok\lombok\1.18.6\lombok-1.18.6.jar;C:\Users\Administrator\.m2\repository\com\alibaba\fastjson\1.2.58\fastjson-1.2.58.jar;"/>
    <property name="sun.cpu.endian" value="little"/>
    <property name="user.home" value="C:\Users\Administrator"/>
    <property name="user.language" value="zh"/>
    <property name="java.specification.vendor" value="Oracle Corporation"/>
    <property name="java.home" value="C:\jdk\java-1.8.0-openjdk-1.8.0.201-2.b09.redhat.windows.x86_64\jre"/>
    <property name="basedir" value="D:\gitProject\W8X\core"/>
    <property name="file.separator" value="\"/>
    <property name="line.separator" value="&#10;"/>
    <property name="java.vm.specification.vendor" value="Oracle Corporation"/>
    <property name="java.specification.name" value="Java Platform API Specification"/>
    <property name="java.awt.graphicsenv" value="sun.awt.Win32GraphicsEnvironment"/>
    <property name="surefire.real.class.path" value="C:\Users\ADMINI~1\AppData\Local\Temp\surefire9111400015463350340\surefirebooter114436310580243064.jar"/>
    <property name="sun.boot.class.path" value="C:\jdk\java-1.8.0-openjdk-1.8.0.201-2.b09.redhat.windows.x86_64\jre\lib\resources.jar;C:\jdk\java-1.8.0-openjdk-1.8.0.201-2.b09.redhat.windows.x86_64\jre\lib\rt.jar;C:\jdk\java-1.8.0-openjdk-1.8.0.201-2.b09.redhat.windows.x86_64\jre\lib\sunrsasign.jar;C:\jdk\java-1.8.0-openjdk-1.8.0.201-2.b09.redhat.windows.x86_64\jre\lib\jsse.jar;C:\jdk\java-1.8.0-openjdk-1.8.0.201-2.b09.redhat.windows.x86_64\jre\lib\jce.jar;C:\jdk\java-1.8.0-openjdk-1.8.0.201-2.b09.redhat.windows.x86_64\jre\lib\charsets.jar;C:\jdk\java-1.8.0-openjdk-1.8.0.201-2.b09.redhat.windows.x86_64\jre\lib\jfr.jar;C:\jdk\java-1.8.0-openjdk-1.8.0.201-2.b09.redhat.windows.x86_64\jre\classes"/>
    <property name="user.script" value=""/>
    <property name="sun.management.compiler" value="HotSpot 64-Bit Tiered Compilers"/>
    <property name="java.runtime.version" value="1.8.0_201-2-redhat-b09"/>
    <property name="user.name" value="Administrator"/>
    <property name="path.separator" value=";"/>
    <property name="os.version" value="6.1"/>
    <property name="java.endorsed.dirs" value="C:\jdk\java-1.8.0-openjdk-1.8.0.201-2.b09.redhat.windows.x86_64\jre\lib\endorsed"/>
    <property name="java.runtime.name" value="OpenJDK Runtime Environment"/>
    <property name="file.encoding" value="GBK"/>
    <property name="java.vm.name" value="OpenJDK 64-Bit Server VM"/>
    <property name="localRepository" value="C:\Users\Administrator\.m2\repository"/>
    <property name="java.vendor.url.bug" value="http://bugreport.sun.com/bugreport/"/>
    <property name="java.io.tmpdir" value="C:\Users\ADMINI~1\AppData\Local\Temp\"/>
    <property name="java.version" value="1.8.0_201-2-redhat"/>
    <property name="user.dir" value="D:\gitProject\W8X\core"/>
    <property name="os.arch" value="amd64"/>
    <property name="java.vm.specification.name" value="Java Virtual Machine Specification"/>
    <property name="java.awt.printerjob" value="sun.awt.windows.WPrinterJob"/>
    <property name="sun.os.patch.level" value="Service Pack 1"/>
    <property name="java.library.path" value="C:\jdk\java-1.8.0-openjdk-1.8.0.201-2.b09.redhat.windows.x86_64\jre\bin;C:\Windows\Sun\Java\bin;C:\Windows\system32;C:\Windows;C:\Windows\system32;C:\Windows;C:\Windows\System32\Wbem;C:\Windows\System32\WindowsPowerShell\v1.0\;C:\jdk\java-1.8.0-openjdk-1.8.0.201-2.b09.redhat.windows.x86_64\bin;C:\jdk\java-1.8.0-openjdk-1.8.0.201-2.b09.redhat.windows.x86_64\jre\bin;C:\Program Files\Git\cmd;D:\soft\maven\apache-maven-3.6.1\bin;C:\flutter\flutter\bin;C:\Users\Administrator\AppData\Local\Programs\Python\Python37\Scripts\;C:\Users\Administrator\AppData\Local\Programs\Python\Python37\;D:\soft\Microsoft VS Code\bin;."/>
    <property name="java.vm.info" value="mixed mode"/>
    <property name="java.vendor" value="Oracle Corporation"/>
    <property name="java.vm.version" value="25.201-b09"/>
    <property name="java.ext.dirs" value="C:\jdk\java-1.8.0-openjdk-1.8.0.201-2.b09.redhat.windows.x86_64\jre\lib\ext;C:\Windows\Sun\Java\lib\ext"/>
    <property name="sun.io.unicode.encoding" value="UnicodeLittle"/>
    <property name="java.class.version" value="52.0"/>
  </properties>
</testsuite>